<?xml version="1.0" encoding="UTF-8"?>
<!-- Generated by org.testng.reporters.JUnitReportReporter -->
<testsuite hostname="DESKTOP-1O2GN22" failures="0" tests="3" name="StepDefinitions.TestRunner.CucumberTestRunner" time="259.318" errors="0" timestamp="2024-02-24T08:48:08 IST" skipped="0">
  <testcase classname="StepDefinitions.TestRunner.CucumberTestRunner" name="runScenario" time="146.165"/>
  <testcase classname="StepDefinitions.TestRunner.CucumberTestRunner" name="runScenario" time="55.907"/>
  <testcase classname="StepDefinitions.TestRunner.CucumberTestRunner" name="runScenario" time="57.246"/>
</testsuite> <!-- StepDefinitions.TestRunner.CucumberTestRunner -->
